<?xml version="1.0" encoding="utf-8"?>
<?AutomationStudio Version="4.5.2.102"?>
<Objects>
  <Object
    Path="C:\Users\admin\Desktop\KRBO-01-16\OG\Logical\Package.pkg"
    LogicalPath=""
    Type="Package.ParentUnknown"
    LastWriteTime="132125079173341608" />
  <Object
    Path="C:\Users\admin\Desktop\KRBO-01-16\OG\Logical\Global.typ"
    LogicalPath="Global.typ"
    Type="File"
    LastWriteTime="132125096526451021"
    Private="false" />
  <Object
    Path="C:\Users\admin\Desktop\KRBO-01-16\OG\Logical\Global.var"
    LogicalPath="Global.var"
    Type="File"
    LastWriteTime="132146729733244525"
    Private="false" />
  <Object
    Path="C:\Users\admin\Desktop\KRBO-01-16\OG\Logical\Libraries\Package.pkg"
    LogicalPath="Libraries"
    Type="Package"
    LastWriteTime="132125079064773406" />
  <Object
    Path="C:\Users\admin\Desktop\KRBO-01-16\OG\Logical\Libraries\operator\binary.lby"
    LogicalPath="Libraries.operator"
    Type="Library"
    LastWriteTime="132125041593770038" />
  <Object
    Path="C:\Users\admin\Desktop\KRBO-01-16\OG\Logical\Libraries\operator\operator.fun"
    LogicalPath="Libraries.operator.operator.fun"
    Type="File"
    LastWriteTime="132125041593613772"
    Private="false" />
  <Object
    Path="C:\Users\admin\Desktop\KRBO-01-16\OG\Logical\Libraries\operator\operator.typ"
    LogicalPath="Libraries.operator.operator.typ"
    Type="File"
    LastWriteTime="132125041593613772"
    Private="false" />
  <Object
    Path="C:\Users\admin\Desktop\KRBO-01-16\OG\Logical\Libraries\operator\operator.var"
    LogicalPath="Libraries.operator.operator.var"
    Type="File"
    LastWriteTime="132125041593613772"
    Private="false" />
  <Object
    Path="C:\Users\admin\Desktop\KRBO-01-16\OG\Logical\Libraries\runtime\binary.lby"
    LogicalPath="Libraries.runtime"
    Type="Library"
    LastWriteTime="132125041597206976" />
  <Object
    Path="C:\Users\admin\Desktop\KRBO-01-16\OG\Logical\Libraries\runtime\runtime.fun"
    LogicalPath="Libraries.runtime.runtime.fun"
    Type="File"
    LastWriteTime="132125041597050684"
    Private="false" />
  <Object
    Path="C:\Users\admin\Desktop\KRBO-01-16\OG\Logical\Libraries\runtime\runtime.typ"
    LogicalPath="Libraries.runtime.runtime.typ"
    Type="File"
    LastWriteTime="132125041597050684"
    Private="false" />
  <Object
    Path="C:\Users\admin\Desktop\KRBO-01-16\OG\Logical\Libraries\runtime\runtime.var"
    LogicalPath="Libraries.runtime.runtime.var"
    Type="File"
    LastWriteTime="132125041597050684"
    Private="false" />
  <Object
    Path="C:\Users\admin\Desktop\KRBO-01-16\OG\Logical\Libraries\astime\binary.lby"
    LogicalPath="Libraries.astime"
    Type="Library"
    LastWriteTime="132125041600487149" />
  <Object
    Path="C:\Users\admin\Desktop\KRBO-01-16\OG\Logical\Libraries\astime\astime.fun"
    LogicalPath="Libraries.astime.astime.fun"
    Type="File"
    LastWriteTime="132125041600330944"
    Private="false" />
  <Object
    Path="C:\Users\admin\Desktop\KRBO-01-16\OG\Logical\Libraries\astime\astime.typ"
    LogicalPath="Libraries.astime.astime.typ"
    Type="File"
    LastWriteTime="132125041600487149"
    Private="false" />
  <Object
    Path="C:\Users\admin\Desktop\KRBO-01-16\OG\Logical\Libraries\astime\astime.var"
    LogicalPath="Libraries.astime.astime.var"
    Type="File"
    LastWriteTime="132125041600487149"
    Private="false" />
  <Object
    Path="C:\Users\admin\Desktop\KRBO-01-16\OG\Logical\Libraries\AsIecCon\binary.lby"
    LogicalPath="Libraries.AsIecCon"
    Type="Library"
    LastWriteTime="132125041603924125" />
  <Object
    Path="C:\Users\admin\Desktop\KRBO-01-16\OG\Logical\Libraries\AsIecCon\AsIecCon.fun"
    LogicalPath="Libraries.AsIecCon.AsIecCon.fun"
    Type="File"
    LastWriteTime="132125041603767908"
    Private="false" />
  <Object
    Path="C:\Users\admin\Desktop\KRBO-01-16\OG\Logical\Libraries\AsIecCon\AsIecCon.typ"
    LogicalPath="Libraries.AsIecCon.AsIecCon.typ"
    Type="File"
    LastWriteTime="132125041603767908"
    Private="false" />
  <Object
    Path="C:\Users\admin\Desktop\KRBO-01-16\OG\Logical\Libraries\AsIecCon\AsIecCon.var"
    LogicalPath="Libraries.AsIecCon.AsIecCon.var"
    Type="File"
    LastWriteTime="132125041603767908"
    Private="false" />
  <Object
    Path="C:\Users\admin\Desktop\KRBO-01-16\OG\Logical\Libraries\Library\ANSIC.lby"
    LogicalPath="Libraries.Library"
    Type="Library"
    LastWriteTime="132146674527597184" />
  <Object
    Path="C:\Users\admin\Desktop\KRBO-01-16\OG\Logical\Libraries\Library\Types.typ"
    LogicalPath="Libraries.Library.Types.typ"
    Type="File"
    LastWriteTime="132146674527440930"
    Private="false" />
  <Object
    Path="C:\Users\admin\Desktop\KRBO-01-16\OG\Logical\Libraries\Library\Constants.var"
    LogicalPath="Libraries.Library.Constants.var"
    Type="File"
    LastWriteTime="132125079064460973"
    Private="false" />
  <Object
    Path="C:\Users\admin\Desktop\KRBO-01-16\OG\Logical\Libraries\Library\Library.fun"
    LogicalPath="Libraries.Library.Library.fun"
    Type="File"
    LastWriteTime="132146725791376004"
    Private="false" />
  <Object
    Path="C:\Users\admin\Desktop\KRBO-01-16\OG\Logical\Libraries\Library\FB_Integrator.c"
    LogicalPath="Libraries.Library.FB_Integrator.c"
    Type="File"
    LastWriteTime="132146708128985299"
    Private="false" />
  <Object
    Path="C:\Users\admin\Desktop\KRBO-01-16\OG\Logical\Libraries\Library\FB_Motor.c"
    LogicalPath="Libraries.Library.FB_Motor.c"
    Type="File"
    LastWriteTime="132146708128450486"
    Private="false" />
  <Object
    Path="C:\Users\admin\Desktop\KRBO-01-16\OG\Logical\Libraries\Library\FB_Regulator.c"
    LogicalPath="Libraries.Library.FB_Regulator.c"
    Type="File"
    LastWriteTime="132146708129610176"
    Private="false" />
  <Object
    Path="C:\Users\admin\Desktop\KRBO-01-16\OG\Logical\Program\ANSIC.prg"
    LogicalPath="Program"
    Type="Program"
    LastWriteTime="132146674899370352" />
  <Object
    Path="C:\Users\admin\Desktop\KRBO-01-16\OG\Logical\Program\Main.c"
    LogicalPath="Program.Main.c"
    Type="File"
    LastWriteTime="132146731391278339"
    Private="false" />
  <Object
    Path="C:\Users\admin\Desktop\KRBO-01-16\OG\Logical\Program\Types.typ"
    LogicalPath="Program.Types.typ"
    Type="File"
    LastWriteTime="132146674899370352"
    Private="true" />
  <Object
    Path="C:\Users\admin\Desktop\KRBO-01-16\OG\Logical\Program\Variables.var"
    LogicalPath="Program.Variables.var"
    Type="File"
    LastWriteTime="132146730930210412"
    Private="true" />
  <Object
    Path="C:\Users\admin\Desktop\KRBO-01-16\OG\Physical\OG1\Config.pkg"
    LogicalPath="OG1"
    Type="Configuration.ParentUnknown"
    LastWriteTime="132125041654724993" />
  <Object
    Path="C:\Users\admin\Desktop\KRBO-01-16\OG\Physical\OG1\Hardware.hw"
    LogicalPath="OG1.Hardware.hw"
    Type="File"
    LastWriteTime="132146693311534331"
    Private="false" />
  <Object
    Path="C:\Users\admin\Desktop\KRBO-01-16\OG\Physical\OG1\Hardware.hwl"
    LogicalPath="OG1.Hardware.hwl"
    Type="File"
    LastWriteTime="131865063240000000"
    Private="false" />
  <Object
    Path="C:\Users\admin\Desktop\KRBO-01-16\OG\Physical\OG1\4PP065_0571_P74\Cpu.pkg"
    LogicalPath="OG1.4PP065_0571_P74"
    Type="Cpu"
    LastWriteTime="132125041609110440" />
  <Object
    Path="C:\Users\admin\Desktop\KRBO-01-16\OG\Physical\OG1\4PP065_0571_P74\Cpu.sw"
    LogicalPath="OG1.4PP065_0571_P74.Cpu.sw"
    Type="File"
    LastWriteTime="132125079173654038"
    Private="false" />
  <Object
    Path="C:\Users\admin\Desktop\KRBO-01-16\OG\Physical\OG1\4PP065_0571_P74\Cpu.per"
    LogicalPath="OG1.4PP065_0571_P74.Cpu.per"
    Type="File"
    LastWriteTime="132125041606579516"
    Private="false" />
  <Object
    Path="C:\Users\admin\Desktop\KRBO-01-16\OG\Physical\OG1\4PP065_0571_P74\IoMap.iom"
    LogicalPath="OG1.4PP065_0571_P74.IoMap.iom"
    Type="File"
    LastWriteTime="132125041606579516"
    Private="false" />
  <Object
    Path="C:\Users\admin\Desktop\KRBO-01-16\OG\Physical\OG1\4PP065_0571_P74\PvMap.vvm"
    LogicalPath="OG1.4PP065_0571_P74.PvMap.vvm"
    Type="File"
    LastWriteTime="132125041606735698"
    Private="false" />
  <Object
    Path="C:\Users\admin\Desktop\KRBO-01-16\OG\Physical\OG1\4PP065_0571_P74\Connectivity\Package.pkg"
    LogicalPath="OG1.4PP065_0571_P74.Connectivity"
    Type="Package"
    LastWriteTime="132125041607204608" />
  <Object
    Path="C:\Users\admin\Desktop\KRBO-01-16\OG\Physical\OG1\4PP065_0571_P74\Connectivity\OpcUA\Package.pkg"
    LogicalPath="OG1.4PP065_0571_P74.Connectivity.OpcUA"
    Type="Package"
    LastWriteTime="132125041607048392" />
  <Object
    Path="C:\Users\admin\Desktop\KRBO-01-16\OG\Physical\OG1\4PP065_0571_P74\TextSystem\Package.pkg"
    LogicalPath="OG1.4PP065_0571_P74.TextSystem"
    Type="Package"
    LastWriteTime="132125041607360829" />
  <Object
    Path="C:\Users\admin\Desktop\KRBO-01-16\OG\Physical\OG1\4PP065_0571_P74\UnitSystem\Package.pkg"
    LogicalPath="OG1.4PP065_0571_P74.UnitSystem"
    Type="Package"
    LastWriteTime="132125041607360829" />
  <Object
    Path="C:\Users\admin\Desktop\KRBO-01-16\OG\Physical\OG1\4PP065_0571_P74\AccessAndSecurity\Package.pkg"
    LogicalPath="OG1.4PP065_0571_P74.AccessAndSecurity"
    Type="Package"
    LastWriteTime="132125041608485597" />
  <Object
    Path="C:\Users\admin\Desktop\KRBO-01-16\OG\Physical\OG1\4PP065_0571_P74\AccessAndSecurity\UserRoleSystem\Package.pkg"
    LogicalPath="OG1.4PP065_0571_P74.AccessAndSecurity.UserRoleSystem"
    Type="Package"
    LastWriteTime="132125041607672963" />
  <Object
    Path="C:\Users\admin\Desktop\KRBO-01-16\OG\Physical\OG1\4PP065_0571_P74\AccessAndSecurity\UserRoleSystem\Role.role"
    LogicalPath="OG1.4PP065_0571_P74.AccessAndSecurity.UserRoleSystem.Role.role"
    Type="File"
    LastWriteTime="132125041607672963"
    Private="false" />
  <Object
    Path="C:\Users\admin\Desktop\KRBO-01-16\OG\Physical\OG1\4PP065_0571_P74\AccessAndSecurity\UserRoleSystem\User.user"
    LogicalPath="OG1.4PP065_0571_P74.AccessAndSecurity.UserRoleSystem.User.user"
    Type="File"
    LastWriteTime="132125041607672963"
    Private="false" />
  <Object
    Path="C:\Users\admin\Desktop\KRBO-01-16\OG\Physical\OG1\4PP065_0571_P74\AccessAndSecurity\CertificateStore\Package.pkg"
    LogicalPath="OG1.4PP065_0571_P74.AccessAndSecurity.CertificateStore"
    Type="Package"
    LastWriteTime="132125041608329490" />
  <Object
    Path="C:\Users\admin\Desktop\KRBO-01-16\OG\Physical\OG1\4PP065_0571_P74\AccessAndSecurity\CertificateStore\OwnCertificates\Package.pkg"
    LogicalPath="OG1.4PP065_0571_P74.AccessAndSecurity.CertificateStore.OwnCertificates"
    Type="Package"
    LastWriteTime="132125041607985668" />
  <Object
    Path="C:\Users\admin\Desktop\KRBO-01-16\OG\Physical\OG1\4PP065_0571_P74\AccessAndSecurity\CertificateStore\OwnCertificates\Certificates\Package.pkg"
    LogicalPath="OG1.4PP065_0571_P74.AccessAndSecurity.CertificateStore.OwnCertificates.Certificates"
    Type="Package"
    LastWriteTime="132125041607829490" />
  <Object
    Path="C:\Users\admin\Desktop\KRBO-01-16\OG\Physical\OG1\4PP065_0571_P74\AccessAndSecurity\CertificateStore\OwnCertificates\PrivateKeys\Package.pkg"
    LogicalPath="OG1.4PP065_0571_P74.AccessAndSecurity.CertificateStore.OwnCertificates.PrivateKeys"
    Type="Package"
    LastWriteTime="132125041607985668" />
  <Object
    Path="C:\Users\admin\Desktop\KRBO-01-16\OG\Physical\OG1\4PP065_0571_P74\AccessAndSecurity\CertificateStore\ThirdPartyCertificates\Package.pkg"
    LogicalPath="OG1.4PP065_0571_P74.AccessAndSecurity.CertificateStore.ThirdPartyCertificates"
    Type="Package"
    LastWriteTime="132125041608173160" />
  <Object
    Path="C:\Users\admin\Desktop\KRBO-01-16\OG\Physical\OG1\4PP065_0571_P74\AccessAndSecurity\CertificateStore\ThirdPartyCertificates\SoftwareCertificates\Package.pkg"
    LogicalPath="OG1.4PP065_0571_P74.AccessAndSecurity.CertificateStore.ThirdPartyCertificates.SoftwareCertificates"
    Type="Package"
    LastWriteTime="132125041608173160" />
  <Object
    Path="C:\Users\admin\Desktop\KRBO-01-16\OG\Physical\OG1\4PP065_0571_P74\AccessAndSecurity\CertificateStore\CertificateRevocationLists\Package.pkg"
    LogicalPath="OG1.4PP065_0571_P74.AccessAndSecurity.CertificateStore.CertificateRevocationLists"
    Type="Package"
    LastWriteTime="132125041608329490" />
  <Object
    Path="C:\Users\admin\Desktop\KRBO-01-16\OG\Physical\OG1\4PP065_0571_P74\AccessAndSecurity\CertificateStore\CertificateSigningRequests\Package.pkg"
    LogicalPath="OG1.4PP065_0571_P74.AccessAndSecurity.CertificateStore.CertificateSigningRequests"
    Type="Package"
    LastWriteTime="132125041608329490" />
  <Object
    Path="C:\Users\admin\Desktop\KRBO-01-16\OG\Physical\OG1\4PP065_0571_P74\AccessAndSecurity\TransportLayerSecurity\Package.pkg"
    LogicalPath="OG1.4PP065_0571_P74.AccessAndSecurity.TransportLayerSecurity"
    Type="Package"
    LastWriteTime="132125041608485597" />
  <Object
    Path="C:\Users\admin\Desktop\KRBO-01-16\OG\Physical\OG1\4PP065_0571_P74\mappControl\Package.pkg"
    LogicalPath="OG1.4PP065_0571_P74.mappControl"
    Type="Package"
    LastWriteTime="132125041608642115" />
  <Object
    Path="C:\Users\admin\Desktop\KRBO-01-16\OG\Physical\OG1\4PP065_0571_P74\mappMotion\Package.pkg"
    LogicalPath="OG1.4PP065_0571_P74.mappMotion"
    Type="Package"
    LastWriteTime="132125041608642115" />
  <Object
    Path="C:\Users\admin\Desktop\KRBO-01-16\OG\Physical\OG1\4PP065_0571_P74\mappServices\Package.pkg"
    LogicalPath="OG1.4PP065_0571_P74.mappServices"
    Type="Package"
    LastWriteTime="132125041608798294" />
  <Object
    Path="C:\Users\admin\Desktop\KRBO-01-16\OG\Physical\OG1\4PP065_0571_P74\mappView\Package.pkg"
    LogicalPath="OG1.4PP065_0571_P74.mappView"
    Type="Package"
    LastWriteTime="132125041608954224" />
  <Object
    Path="C:\Users\admin\Desktop\KRBO-01-16\OG\Physical\OG1\4PP065_0571_P74\mappCockpit\Package.pkg"
    LogicalPath="OG1.4PP065_0571_P74.mappCockpit"
    Type="Package"
    LastWriteTime="132125041608954224" />
  <Object
    Path="C:\Users\admin\Desktop\KRBO-01-16\OG\Physical\OG1\Hardware.jpg"
    LogicalPath="OG1.Hardware.jpg"
    Type="File"
    LastWriteTime="132125086267609481"
    Private="false" />
</Objects>